<?xml version="1.0" encoding="UTF-8"?>
<testsuite name="com.edu.generics.buffer.CircularBufferTest" tests="4" skipped="0" failures="0" errors="0" timestamp="2020-07-15T11:15:38" hostname="DESKTOP-IUTETS9" time="0.005">
  <properties/>
  <testcase name="shouldNotOfferWhenBufferIsFull" classname="com.edu.generics.buffer.CircularBufferTest" time="0.002"/>
  <testcase name="shouldNotPollWhenBufferIsEmpty" classname="com.edu.generics.buffer.CircularBufferTest" time="0.0"/>
  <testcase name="shouldOfferPollableElement" classname="com.edu.generics.buffer.CircularBufferTest" time="0.0"/>
  <testcase name="shouldRecycleBuffer" classname="com.edu.generics.buffer.CircularBufferTest" time="0.0"/>
  <system-out><![CDATA[]]></system-out>
  <system-err><![CDATA[]]></system-err>
</testsuite>
