<?xml version="1.0" encoding="UTF-8"?>
<testsuite name="com.edu.generics.classesandinterfaces.SortingExamplesTest" tests="2" skipped="0" failures="0" errors="0" timestamp="2020-07-15T11:15:38" hostname="DESKTOP-IUTETS9" time="0.003">
  <properties/>
  <testcase name="reversSortedOrder" classname="com.edu.generics.classesandinterfaces.SortingExamplesTest" time="0.002"/>
  <testcase name="sortedOrder" classname="com.edu.generics.classesandinterfaces.SortingExamplesTest" time="0.001"/>
  <system-out><![CDATA[]]></system-out>
  <system-err><![CDATA[]]></system-err>
</testsuite>
