<?xml version="1.0" encoding="UTF-8"?>
<testsuite name="com.edu.generics.buffer.collection.MapExampleTest" tests="3" skipped="0" failures="0" errors="0" timestamp="2020-07-15T11:15:38" hostname="DESKTOP-IUTETS9" time="0.012">
  <properties/>
  <testcase name="testListOfNames" classname="com.edu.generics.buffer.collection.MapExampleTest" time="0.01"/>
  <testcase name="testListOfValues" classname="com.edu.generics.buffer.collection.MapExampleTest" time="0.001"/>
  <testcase name="testPersonByName" classname="com.edu.generics.buffer.collection.MapExampleTest" time="0.0"/>
  <system-out><![CDATA[]]></system-out>
  <system-err><![CDATA[]]></system-err>
</testsuite>
