<?xml version="1.0" encoding="UTF-8"?>
<testsuite name="com.edu.generics.methods.SortingExampleTest" tests="4" skipped="0" failures="0" errors="0" timestamp="2020-07-15T11:15:38" hostname="DESKTOP-IUTETS9" time="0.011">
  <properties/>
  <testcase name="testYoungestMember" classname="com.edu.generics.methods.SortingExampleTest" time="0.001"/>
  <testcase name="testYoungestMemberWithEmpty" classname="com.edu.generics.methods.SortingExampleTest" time="0.005"/>
  <testcase name="testYoungestMemberWithNull" classname="com.edu.generics.methods.SortingExampleTest" time="0.004"/>
  <testcase name="testYoungestMemberWithOnePerson" classname="com.edu.generics.methods.SortingExampleTest" time="0.0"/>
  <system-out><![CDATA[]]></system-out>
  <system-err><![CDATA[]]></system-err>
</testsuite>
