<?xml version="1.0" encoding="UTF-8"?>
<testsuite name="com.edu.generics.buffer.collection.ListExampleTest" tests="5" skipped="0" failures="0" errors="0" timestamp="2020-07-15T11:15:38" hostname="DESKTOP-IUTETS9" time="0.036">
  <properties/>
  <testcase name="queryForSize" classname="com.edu.generics.buffer.collection.ListExampleTest" time="0.001"/>
  <testcase name="retrivePersonByIndex" classname="com.edu.generics.buffer.collection.ListExampleTest" time="0.0"/>
  <testcase name="retrivePersonUsingForEach" classname="com.edu.generics.buffer.collection.ListExampleTest" time="0.001"/>
  <testcase name="shouldGetOnePerson" classname="com.edu.generics.buffer.collection.ListExampleTest" time="0.0"/>
  <testcase name="testListOfPerson" classname="com.edu.generics.buffer.collection.ListExampleTest" time="0.032"/>
  <system-out><![CDATA[]]></system-out>
  <system-err><![CDATA[]]></system-err>
</testsuite>
