<?xml version="1.0" encoding="UTF-8"?>
<testsuite name="com.edu.generics.buffer.TypeUnsafeTest" tests="1" skipped="0" failures="0" errors="0" timestamp="2020-07-15T11:15:38" hostname="DESKTOP-IUTETS9" time="0.0">
  <properties/>
  <testcase name="testConcatenatedUnsafeString" classname="com.edu.generics.buffer.TypeUnsafeTest" time="0.0"/>
  <system-out><![CDATA[]]></system-out>
  <system-err><![CDATA[]]></system-err>
</testsuite>
